Lmod has detected the following error: The following module(s) are unknown:
"cuda11.8/toolkit/11.8.0"

Please check the spelling or version number. Also try "module spider ..."
It is also possible your cache file is out-of-date; it may help to try:
  $ module --ignore-cache load "cuda11.8/toolkit/11.8.0"

Also make sure that all modulefiles written in TCL start with the string
#%Module



	To use after loading the module, enter the following:
	    eval "$(/risapps/rhel7/miniconda3/38_4.9.2/bin/conda shell.bash hook)"
2024-03-03 11:08:35 - CRITICAL: MODEL PARAMETERS
2024-03-03 11:08:35 - INFO: dataset_path = data/dataset/graphed.csv
2024-03-03 11:08:35 - INFO: train_validation_test_split = [0.75, 0.0, 0.25]
2024-03-03 11:08:35 - INFO: batch_size = 8
2024-03-03 11:08:35 - INFO: num_workers = 8
2024-03-03 11:08:35 - INFO: hidden_channels = 64
2024-03-03 11:08:35 - INFO: epochs = 2
2024-03-03 11:08:35 - INFO: learning_rate = 1e-05
2024-03-03 11:08:35 - CRITICAL: MODEL PROPERTIES
2024-03-03 11:08:35 - INFO: num_train = 1601
2024-03-03 11:08:35 - INFO: num_validation = 0
2024-03-03 11:08:35 - INFO: num_test = 533
2024-03-03 11:08:35 - INFO: example_graph = Data(x=[282, 39], edge_index=[2, 18392], edge_attr=[18392, 2], y=[282], pos=[282, 3], sasa=[282], surface_accessible=[282], num_nodes=282, num_node_features=39, num_edges=18392, num_edge_features=2, num_dimensions=3, graph_path='data/dataset/4BB2_B/graph.pyg', protein_path='data/dataset/4BB2_B/protein.pdb', labels_path='data/dataset/4BB2_B/labels.npy', radius_ncov=10)
2024-03-03 11:08:42 - CRITICAL: MODEL ARCHITECTURE
2024-03-03 11:08:42 - INFO: device = cuda
2024-03-03 11:08:42 - INFO: model = GCN(
  (conv1): GATv2Conv(39, 64, heads=1)
  (conv2): GATv2Conv(64, 64, heads=1)
  (conv3): GATv2Conv(64, 1, heads=1)
)
2024-03-03 11:08:42 - INFO: optimizer = Adam (
Parameter Group 0
    amsgrad: False
    betas: (0.9, 0.999)
    capturable: False
    differentiable: False
    eps: 1e-08
    foreach: None
    fused: None
    lr: 1e-05
    maximize: False
    weight_decay: 0.0001
)
2024-03-03 11:08:42 - INFO: criterion = BCEWithLogitsLoss()
2024-03-03 11:08:42 - CRITICAL: MODEL TRAINING
2024-03-03 11:09:21 - INFO: epoch 000: epoch_loss = 0.9347, mu_ncov = 9.9977
2024-03-03 11:09:53 - INFO: epoch 001: epoch_loss = 0.8895, mu_ncov = 9.9948
2024-03-03 11:09:53 - CRITICAL: MODEL TESTING
2024-03-03 11:10:05 - INFO: true positive: 14108
2024-03-03 11:10:05 - INFO: true negative: 0
2024-03-03 11:10:05 - INFO: false positive: 807672
2024-03-03 11:10:05 - INFO: false negative: 0
2024-03-03 11:10:05 - INFO: recall = 1.0
2024-03-03 11:10:05 - INFO: mu_cov = 1.2961
2024-03-03 11:10:05 - INFO: dev_cov = 0.1461
2024-03-03 11:10:05 - INFO: mu_ncov = 9.9948
2024-03-03 11:10:05 - INFO: dev_ncov = 0.9963
